<?xml version="1.0" encoding="UTF-8"?>
<testsuite name="Factories::position" skipped="0" failures="0" errors="0" tests="1" assertions="1" time="0.001131948">
  <testcase name="test_0001_is valid" classname="Factories::position" assertions="1" time="0.001131948">
  </testcase>
</testsuite>
