<?xml version="1.0" encoding="UTF-8"?>
<testsuite name="Address::associations" skipped="0" failures="0" errors="0" tests="2" assertions="1" time="0.0020424479999999997">
  <testcase name="test_0002_belongs to" classname="Address::associations" assertions="1" time="0.001173008">
  </testcase>
  <testcase name="test_0001_has many" classname="Address::associations" assertions="0" time="0.00086944">
  </testcase>
</testsuite>
