<?xml version="1.0" encoding="UTF-8"?>
<testsuite name="Factories::address" skipped="0" failures="0" errors="0" tests="1" assertions="1" time="0.051972057">
  <testcase name="test_0001_is valid" classname="Factories::address" assertions="1" time="0.051972057">
  </testcase>
</testsuite>
