<?xml version="1.0" encoding="UTF-8"?>
<testsuite name="Bid::db" skipped="0" failures="0" errors="0" tests="1" assertions="4" time="0.006275522">
  <testcase name="test_0001_columns &amp; types" classname="Bid::db" assertions="4" time="0.006275522">
  </testcase>
</testsuite>
