<?xml version="1.0" encoding="UTF-8"?>
<testsuite name="Factories::demo" skipped="0" failures="0" errors="0" tests="1" assertions="1" time="0.01444749">
  <testcase name="test_0001_is valid" classname="Factories::demo" assertions="1" time="0.01444749">
  </testcase>
</testsuite>
