<?xml version="1.0" encoding="UTF-8"?>
<testsuite name="Factories::user" skipped="0" failures="0" errors="0" tests="1" assertions="1" time="0.003569227">
  <testcase name="test_0001_is valid" classname="Factories::user" assertions="1" time="0.003569227">
  </testcase>
</testsuite>
