<?xml version="1.0" encoding="UTF-8"?>
<testsuite name="User::validations::password" skipped="0" failures="0" errors="0" tests="3" assertions="7" time="0.042285846">
  <testcase name="test_0001_must not be blank" classname="User::validations::password" assertions="3" time="0.030473451">
  </testcase>
  <testcase name="test_0002_won't be too short" classname="User::validations::password" assertions="2" time="0.006150636">
  </testcase>
  <testcase name="test_0003_won't be too long" classname="User::validations::password" assertions="2" time="0.005661759">
  </testcase>
</testsuite>
