<?xml version="1.0" encoding="UTF-8"?>
<testsuite name="Address::db" skipped="0" failures="0" errors="0" tests="1" assertions="8" time="0.000784427">
  <testcase name="test_0001_columns &amp; types" classname="Address::db" assertions="8" time="0.000784427">
  </testcase>
</testsuite>
