<?xml version="1.0" encoding="UTF-8"?>
<testsuite name="Demo::db" skipped="0" failures="0" errors="0" tests="1" assertions="22" time="0.000818172">
  <testcase name="test_0001_columns &amp; types" classname="Demo::db" assertions="22" time="0.000818172">
  </testcase>
</testsuite>
